2024-11-16 10:15:14,304 - Starting file sync daemon monitoring: files
2024-11-16 10:15:14,304 - Remote sync target: 10.100.242.151:1234 files
2024-11-16 10:15:31,306 - Running sync for changes in: /Users/ghost/Ventus/daemon/files/x.txt
2024-11-16 10:15:31,971 - Sync completed successfully
2024-11-16 10:15:42,514 - Running sync for changes in: /Users/ghost/Ventus/daemon/files/4913, /Users/ghost/Ventus/daemon/files/ftest/test.txt, /Users/ghost/Ventus/daemon/files/sample.pdf, /Users/ghost/Ventus/daemon/files/alsoTest/crazy.txt, /Users/ghost/Ventus/daemon/files/hello.txt, /Users/ghost/Ventus/daemon/files/tello.txt, /Users/ghost/Ventus/daemon/files/test/hello.txt, /Users/ghost/Ventus/daemon/files/x.txt, /Users/ghost/Ventus/daemon/files/womp_womp/hmm.txt, /Users/ghost/Ventus/daemon/files/sample2.pdf
2024-11-16 10:15:42,753 - Sync completed successfully
2024-11-16 10:15:54,304 - Running sync for changes in: /Users/ghost/Ventus/daemon/files/4913, /Users/ghost/Ventus/daemon/files/ftest/test.txt, /Users/ghost/Ventus/daemon/files/sample.pdf, /Users/ghost/Ventus/daemon/files/alsoTest/crazy.txt, /Users/ghost/Ventus/daemon/files/x.txt~, /Users/ghost/Ventus/daemon/files/hello.txt, /Users/ghost/Ventus/daemon/files/tello.txt, /Users/ghost/Ventus/daemon/files/test/hello.txt, /Users/ghost/Ventus/daemon/files/x.txt, /Users/ghost/Ventus/daemon/files/womp_womp/hmm.txt, /Users/ghost/Ventus/daemon/files/sample2.pdf
2024-11-16 10:15:54,525 - Sync completed successfully
2024-11-16 10:16:03,008 - Running sync for changes in: /Users/ghost/Ventus/daemon/files/ftest/test.txt, /Users/ghost/Ventus/daemon/files/sample.pdf, /Users/ghost/Ventus/daemon/files/alsoTest/crazy.txt, /Users/ghost/Ventus/daemon/files/hello.txt, /Users/ghost/Ventus/daemon/files/tello.txt, /Users/ghost/Ventus/daemon/files/test/hello.txt, /Users/ghost/Ventus/daemon/files/x.txt, /Users/ghost/Ventus/daemon/files/womp_womp/hmm.txt, /Users/ghost/Ventus/daemon/files/sample2.pdf
2024-11-16 10:16:03,229 - Sync completed successfully
2024-11-16 10:16:17,072 - Running sync for changes in: /Users/ghost/Ventus/daemon/files/ftest/test.txt, /Users/ghost/Ventus/daemon/files/sample.pdf, /Users/ghost/Ventus/daemon/files/alsoTest/crazy.txt, /Users/ghost/Ventus/daemon/files/hello.txt, /Users/ghost/Ventus/daemon/files/tello.txt, /Users/ghost/Ventus/daemon/files/test/hello.txt, /Users/ghost/Ventus/daemon/files/x.txt, /Users/ghost/Ventus/daemon/files/womp_womp/hmm.txt, /Users/ghost/Ventus/daemon/files/sample2.pdf, /Users/ghost/Ventus/daemon/files/m.txt
2024-11-16 10:16:17,291 - Sync completed successfully
2024-11-16 10:21:52,989 - Stopping file sync daemon
2024-11-16 22:15:32,928 - Starting file sync daemon monitoring: files/
2024-11-16 22:15:32,928 - Remote sync target: 192.168.143.49:1234 files/
2024-11-16 22:15:58,671 - Running sync for changes in: /Users/ghost/Ventus/daemon/files/makima.txt
2024-11-16 22:16:57,768 - Sync failed with exit code: 2
2024-11-16 22:16:57,769 - Running sync for changes in: /Users/ghost/Ventus/daemon/files/makima.txt
2024-11-16 22:17:01,168 - Sync failed with exit code: 2
2024-11-16 22:17:01,168 - Running sync for changes in: /Users/ghost/Ventus/daemon/files/10gb_file, /Users/ghost/Ventus/daemon/files/makima.txt
2024-11-16 22:17:06,209 - Sync failed with exit code: 2
2024-11-16 22:17:06,210 - Running sync for changes in: /Users/ghost/Ventus/daemon/files/10gb_file, /Users/ghost/Ventus/daemon/files/m.txt, /Users/ghost/Ventus/daemon/files/makima.txt
2024-11-16 22:17:06,472 - Sync failed with exit code: 2
2024-11-16 22:17:06,679 - Stopping file sync daemon
2024-11-16 22:18:01,261 - Starting file sync daemon monitoring: files/
2024-11-16 22:18:01,261 - Remote sync target: 192.168.143.49:1234 files/
2024-11-16 22:18:18,368 - Running sync for changes in: /Users/ghost/Ventus/daemon/files/4913
2024-11-16 22:19:36,658 - Sync completed successfully
2024-11-16 22:20:24,903 - Stopping file sync daemon
2024-11-16 22:20:34,613 - Starting file sync daemon monitoring: files/
2024-11-16 22:20:34,614 - Remote sync target: 192.168.143.49:1234 files/
2024-11-16 22:21:01,884 - Running sync for changes in: /Users/ghost/Ventus/daemon/files/4913
2024-11-16 22:25:02,437 - Sync completed successfully
2024-11-17 02:32:06,419 - Stopping file sync daemon
